/var/spool/slurmd/job1719897/slurm_script: line 8: activate: No such file or directory
ERROR:2025-10-07 21:24:38,472:jax._src.xla_bridge:444: Jax plugin configuration error: Exception when calling jax_plugins.xla_cuda12.initialize()
Traceback (most recent call last):
  File "/home/ka/ka_anthropomatik/ka_et4232/miniconda3/envs/py10/lib/python3.10/site-packages/jax_plugins/xla_cuda12/__init__.py", line 197, in _version_check
    version = get_version()
RuntimeError: jaxlib/cuda/versions_helpers.cc:81: operation cusparseGetProperty(MAJOR_VERSION, &major) failed: The cuSPARSE library was not found.

The above exception was the direct cause of the following exception:

Traceback (most recent call last):
  File "/home/ka/ka_anthropomatik/ka_et4232/miniconda3/envs/py10/lib/python3.10/site-packages/jax/_src/xla_bridge.py", line 442, in discover_pjrt_plugins
    plugin_module.initialize()
  File "/home/ka/ka_anthropomatik/ka_et4232/miniconda3/envs/py10/lib/python3.10/site-packages/jax_plugins/xla_cuda12/__init__.py", line 324, in initialize
    _check_cuda_versions(raise_on_first_error=True)
  File "/home/ka/ka_anthropomatik/ka_et4232/miniconda3/envs/py10/lib/python3.10/site-packages/jax_plugins/xla_cuda12/__init__.py", line 262, in _check_cuda_versions
    _version_check("cuSPARSE", cuda_versions.cusparse_get_version,
  File "/home/ka/ka_anthropomatik/ka_et4232/miniconda3/envs/py10/lib/python3.10/site-packages/jax_plugins/xla_cuda12/__init__.py", line 201, in _version_check
    raise RuntimeError(err_msg) from e
RuntimeError: Unable to load cuSPARSE. Is it installed?
WARNING:2025-10-07 21:24:38,712:jax._src.xla_bridge:794: An NVIDIA GPU may be present on this machine, but a CUDA-enabled jaxlib is not installed. Falling back to cpu.
/home/ka/ka_anthropomatik/ka_et4232/miniconda3/envs/py10/lib/python3.10/site-packages/glfw/__init__.py:917: GLFWError: (65550) b'X11: The DISPLAY environment variable is missing'
  warnings.warn(message, GLFWError)
Training:   0%|          | 0/3 [00:00<?, ?it/s]/home/ka/ka_anthropomatik/ka_et4232/miniconda3/envs/py10/lib/python3.10/site-packages/jax/_src/nn/functions.py:740: DeprecationWarning: jax.nn.one_hot input should be integer-typed; got dtype=float32
  deprecations.warn(
/home/ka/ka_anthropomatik/ka_et4232/miniconda3/envs/py10/lib/python3.10/site-packages/jax/_src/nn/functions.py:740: DeprecationWarning: jax.nn.one_hot input should be integer-typed; got dtype=float32
  deprecations.warn(
/home/ka/ka_anthropomatik/ka_et4232/miniconda3/envs/py10/lib/python3.10/site-packages/jax/_src/nn/functions.py:740: DeprecationWarning: jax.nn.one_hot input should be integer-typed; got dtype=float32
  deprecations.warn(
/home/ka/ka_anthropomatik/ka_et4232/miniconda3/envs/py10/lib/python3.10/site-packages/jax/_src/nn/functions.py:740: DeprecationWarning: jax.nn.one_hot input should be integer-typed; got dtype=float32
  deprecations.warn(
Training:  33%|███▎      | 1/3 [00:04<00:09,  4.86s/it]/home/ka/ka_anthropomatik/ka_et4232/miniconda3/envs/py10/lib/python3.10/site-packages/jax/_src/nn/functions.py:740: DeprecationWarning: jax.nn.one_hot input should be integer-typed; got dtype=float32
  deprecations.warn(
/home/ka/ka_anthropomatik/ka_et4232/miniconda3/envs/py10/lib/python3.10/site-packages/jax/_src/nn/functions.py:740: DeprecationWarning: jax.nn.one_hot input should be integer-typed; got dtype=float32
  deprecations.warn(
/home/ka/ka_anthropomatik/ka_et4232/miniconda3/envs/py10/lib/python3.10/site-packages/jax/_src/nn/functions.py:740: DeprecationWarning: jax.nn.one_hot input should be integer-typed; got dtype=float32
  deprecations.warn(
/home/ka/ka_anthropomatik/ka_et4232/miniconda3/envs/py10/lib/python3.10/site-packages/jax/_src/nn/functions.py:740: DeprecationWarning: jax.nn.one_hot input should be integer-typed; got dtype=float32
  deprecations.warn(
Training:  67%|██████▋   | 2/3 [00:08<00:04,  4.29s/it]Training: 100%|██████████| 3/3 [00:08<00:00,  2.92s/it]

============================= JOB FEEDBACK =============================

NodeName=uc2n903
Job ID: 1719897
Cluster: uc3
User/Group: ka_et4232/ka_anthropomatik
State: COMPLETED (exit code 0)
Nodes: 1
Cores per node: 32
CPU Utilized: 00:00:44
CPU Efficiency: 1.49% of 00:49:04 core-walltime
Job Wall-clock time: 00:01:32
Memory Utilized: 1.48 GB
Memory Efficiency: 1.19% of 124.51 GB (124.51 GB/node)
